<?xml version="1.0" encoding="UTF-8"?>
<testng-results skipped="0" failed="0" ignored="0" total="1" passed="1">
  <reporter-output>
  </reporter-output>
  <suite name="suite 1" duration-ms="9965" started-at="2018-08-02T13:08:23Z" finished-at="2018-08-02T13:08:33Z">
    <groups>
    </groups>
    <test name="Regression suite 1" duration-ms="9965" started-at="2018-08-02T13:08:23Z" finished-at="2018-08-02T13:08:33Z">
      <class name="Test.HomeTest">
        <test-method status="PASS" signature="initSet()[pri:0, instance:Test.HomeTest@77cd7a0]" name="initSet" is-config="true" duration-ms="9103" started-at="2018-08-02T13:08:23Z" finished-at="2018-08-02T13:08:33Z">
          <reporter-output>
          </reporter-output>
        </test-method> <!-- initSet -->
        <test-method status="PASS" signature="homePageTest()[pri:0, instance:Test.HomeTest@77cd7a0]" name="homePageTest" duration-ms="203" started-at="2018-08-02T13:08:33Z" finished-at="2018-08-02T13:08:33Z">
          <reporter-output>
          </reporter-output>
        </test-method> <!-- homePageTest -->
        <test-method status="PASS" signature="tearDown()[pri:0, instance:Test.HomeTest@77cd7a0]" name="tearDown" is-config="true" duration-ms="638" started-at="2018-08-02T13:08:33Z" finished-at="2018-08-02T13:08:33Z">
          <reporter-output>
          </reporter-output>
        </test-method> <!-- tearDown -->
      </class> <!-- Test.HomeTest -->
    </test> <!-- Regression suite 1 -->
  </suite> <!-- suite 1 -->
</testng-results>
